TN:
SF:src/config.js
FNF:0
FNH:0
DA:2,1
DA:3,1
DA:4,1
DA:5,1
DA:6,1
DA:7,1
DA:9,1
DA:17,1
LF:8
LH:8
BRDA:4,0,0,1
BRDA:4,0,1,1
BRDA:5,1,0,1
BRDA:5,1,1,0
BRDA:6,2,0,1
BRDA:6,2,1,1
BRDA:17,3,0,1
BRDA:17,3,1,1
BRF:8
BRH:7
end_of_record
TN:
SF:src/index.js
FN:2,(anonymous_0)
FN:6,(anonymous_1)
FN:9,(anonymous_2)
FN:13,(anonymous_3)
FN:15,(anonymous_4)
FN:18,(anonymous_5)
FN:19,(anonymous_6)
FN:20,(anonymous_7)
FN:27,(anonymous_8)
FN:83,(anonymous_9)
FN:95,(anonymous_10)
FN:124,(anonymous_11)
FN:126,(anonymous_12)
FN:146,(anonymous_13)
FN:163,(anonymous_14)
FN:193,(anonymous_15)
FN:204,(anonymous_16)
FN:212,(anonymous_17)
FN:216,(anonymous_18)
FNF:19
FNH:14
FNDA:5,(anonymous_0)
FNDA:2,(anonymous_1)
FNDA:0,(anonymous_2)
FNDA:1,(anonymous_3)
FNDA:0,(anonymous_4)
FNDA:1,(anonymous_5)
FNDA:1,(anonymous_6)
FNDA:0,(anonymous_7)
FNDA:1,(anonymous_8)
FNDA:1,(anonymous_9)
FNDA:1,(anonymous_10)
FNDA:2,(anonymous_11)
FNDA:2,(anonymous_12)
FNDA:1,(anonymous_13)
FNDA:1,(anonymous_14)
FNDA:1,(anonymous_15)
FNDA:0,(anonymous_16)
FNDA:1,(anonymous_17)
FNDA:0,(anonymous_18)
DA:2,1
DA:3,5
DA:4,5
DA:5,5
DA:6,5
DA:8,5
DA:10,0
DA:11,0
DA:13,1
DA:14,1
DA:16,0
DA:18,1
DA:19,1
DA:20,1
DA:21,0
DA:22,0
DA:23,0
DA:25,1
DA:27,1
DA:28,1
DA:29,1
DA:30,5
DA:31,1
DA:32,1
DA:35,1
DA:36,1
DA:37,1
DA:38,1
DA:39,1
DA:40,1
DA:41,1
DA:42,1
DA:43,1
DA:44,1
DA:45,1
DA:48,1
DA:51,1
DA:52,1
DA:54,1
DA:56,1
DA:72,1
DA:73,1
DA:83,1
DA:84,1
DA:95,1
DA:96,1
DA:124,1
DA:125,2
DA:126,2
DA:127,2
DA:128,1
DA:130,1
DA:131,1
DA:146,1
DA:147,1
DA:163,1
DA:164,1
DA:165,1
DA:193,1
DA:194,1
DA:195,1
DA:196,1
DA:197,1
DA:200,0
DA:204,1
DA:205,0
DA:206,0
DA:212,1
DA:213,1
DA:215,1
DA:216,0
DA:217,0
DA:220,1
LF:73
LH:62
BRDA:2,0,0,1
BRDA:2,0,1,1
BRDA:2,0,2,1
BRDA:2,1,0,1
BRDA:2,1,1,0
BRDA:3,2,0,5
BRDA:3,2,1,0
BRDA:5,3,0,5
BRDA:5,3,1,0
BRDA:5,4,0,5
BRDA:5,4,1,5
BRDA:5,5,0,0
BRDA:5,5,1,5
BRDA:5,6,0,5
BRDA:5,6,1,0
BRDA:10,7,0,0
BRDA:10,7,1,0
BRDA:13,8,0,1
BRDA:13,8,1,1
BRDA:13,8,2,1
BRDA:13,9,0,1
BRDA:13,9,1,0
BRDA:18,10,0,1
BRDA:18,10,1,1
BRDA:18,10,2,1
BRDA:20,11,0,1
BRDA:20,11,1,0
BRDA:22,12,0,0
BRDA:22,12,1,0
BRDA:28,13,0,0
BRDA:28,13,1,1
BRDA:28,14,0,1
BRDA:28,14,1,1
BRDA:30,15,0,1
BRDA:30,15,1,0
BRDA:30,16,0,5
BRDA:30,16,1,0
BRDA:45,17,0,1
BRDA:45,17,1,0
BRDA:126,18,0,2
BRDA:126,18,1,1
BRDA:127,19,0,1
BRDA:127,19,1,1
BRDA:215,20,0,0
BRDA:215,20,1,1
BRF:45
BRH:29
end_of_record
TN:
SF:src/agents/AgentManager.js
FN:7,(anonymous_0)
FN:12,(anonymous_1)
FN:15,(anonymous_2)
FN:29,(anonymous_3)
FN:32,(anonymous_4)
FN:40,(anonymous_5)
FN:48,(anonymous_6)
FN:62,(anonymous_7)
FN:70,(anonymous_8)
FN:79,(anonymous_9)
FN:83,(anonymous_10)
FN:95,(anonymous_11)
FN:97,(anonymous_12)
FNF:13
FNH:6
FNDA:8,(anonymous_0)
FNDA:3,(anonymous_1)
FNDA:1,(anonymous_2)
FNDA:4,(anonymous_3)
FNDA:0,(anonymous_4)
FNDA:0,(anonymous_5)
FNDA:7,(anonymous_6)
FNDA:3,(anonymous_7)
FNDA:0,(anonymous_8)
FNDA:0,(anonymous_9)
FNDA:0,(anonymous_10)
FNDA:0,(anonymous_11)
FNDA:0,(anonymous_12)
DA:2,3
DA:3,3
DA:4,3
DA:8,8
DA:9,8
DA:10,8
DA:13,3
DA:16,1
DA:17,0
DA:19,1
DA:20,1
DA:26,1
DA:27,1
DA:30,4
DA:33,0
DA:34,0
DA:35,0
DA:37,0
DA:38,0
DA:41,0
DA:42,0
DA:43,0
DA:45,0
DA:46,0
DA:49,7
DA:50,0
DA:52,7
DA:59,7
DA:60,7
DA:63,3
DA:64,0
DA:66,3
DA:71,0
DA:72,0
DA:73,0
DA:76,0
DA:80,0
DA:84,0
DA:85,0
DA:86,0
DA:89,0
DA:96,0
DA:97,0
DA:98,0
DA:104,0
DA:107,3
LF:46
LH:20
BRDA:16,0,0,0
BRDA:16,0,1,1
BRDA:16,1,0,1
BRDA:16,1,1,1
BRDA:34,2,0,0
BRDA:34,2,1,0
BRDA:42,3,0,0
BRDA:42,3,1,0
BRDA:49,4,0,0
BRDA:49,4,1,7
BRDA:49,5,0,7
BRDA:49,5,1,7
BRDA:55,6,0,7
BRDA:55,6,1,4
BRDA:63,7,0,0
BRDA:63,7,1,3
BRDA:72,8,0,0
BRDA:72,8,1,0
BRDA:85,9,0,0
BRDA:85,9,1,0
BRF:20
BRH:9
end_of_record
TN:
SF:src/middleware/auth.js
FN:2,(anonymous_0)
FN:6,(anonymous_1)
FN:9,(anonymous_2)
FN:13,(anonymous_3)
FN:15,(anonymous_4)
FN:18,(anonymous_5)
FN:19,(anonymous_6)
FN:20,(anonymous_7)
FN:27,(anonymous_8)
FN:39,(anonymous_9)
FN:55,(anonymous_10)
FNF:11
FNH:8
FNDA:6,(anonymous_0)
FNDA:4,(anonymous_1)
FNDA:0,(anonymous_2)
FNDA:1,(anonymous_3)
FNDA:0,(anonymous_4)
FNDA:1,(anonymous_5)
FNDA:1,(anonymous_6)
FNDA:0,(anonymous_7)
FNDA:1,(anonymous_8)
FNDA:5,(anonymous_9)
FNDA:1,(anonymous_10)
DA:2,1
DA:3,6
DA:4,6
DA:5,6
DA:6,6
DA:8,6
DA:10,0
DA:11,0
DA:13,1
DA:14,1
DA:16,0
DA:18,1
DA:19,1
DA:20,1
DA:21,0
DA:22,0
DA:23,0
DA:25,1
DA:27,1
DA:28,1
DA:29,1
DA:30,6
DA:31,1
DA:32,1
DA:35,1
DA:36,1
DA:37,1
DA:38,1
DA:39,1
DA:40,5
DA:41,5
DA:42,5
DA:43,2
DA:45,3
DA:46,3
DA:47,3
DA:48,3
DA:51,0
DA:54,1
DA:55,1
DA:56,1
DA:58,1
LF:42
LH:35
BRDA:2,0,0,1
BRDA:2,0,1,1
BRDA:2,0,2,1
BRDA:2,1,0,1
BRDA:2,1,1,0
BRDA:3,2,0,6
BRDA:3,2,1,0
BRDA:5,3,0,6
BRDA:5,3,1,0
BRDA:5,4,0,6
BRDA:5,4,1,6
BRDA:5,5,0,0
BRDA:5,5,1,6
BRDA:5,6,0,6
BRDA:5,6,1,0
BRDA:10,7,0,0
BRDA:10,7,1,0
BRDA:13,8,0,1
BRDA:13,8,1,1
BRDA:13,8,2,1
BRDA:13,9,0,1
BRDA:13,9,1,0
BRDA:18,10,0,1
BRDA:18,10,1,1
BRDA:18,10,2,1
BRDA:20,11,0,1
BRDA:20,11,1,0
BRDA:22,12,0,0
BRDA:22,12,1,0
BRDA:28,13,0,0
BRDA:28,13,1,1
BRDA:28,14,0,1
BRDA:28,14,1,1
BRDA:30,15,0,1
BRDA:30,15,1,0
BRDA:30,16,0,6
BRDA:30,16,1,0
BRDA:41,17,0,5
BRDA:41,17,1,3
BRDA:42,18,0,2
BRDA:42,18,1,3
BRF:41
BRH:27
end_of_record
TN:
SF:src/utils/promiseHandler.js
FN:19,safeResolve
FN:36,serializeForAgent
FN:61,promiseErrorMiddleware
FN:66,(anonymous_3)
FN:79,(anonymous_4)
FN:102,(anonymous_5)
FN:106,(anonymous_6)
FN:116,(anonymous_7)
FN:126,(anonymous_8)
FN:136,(anonymous_9)
FN:146,(anonymous_10)
FN:161,(anonymous_11)
FN:165,(anonymous_12)
FN:188,(anonymous_13)
FN:213,detectAndFixPromiseString
FN:224,setupGlobalPromiseErrorHandling
FN:225,(anonymous_16)
FN:235,(anonymous_17)
FN:242,(anonymous_18)
FNF:19
FNH:7
FNDA:10,safeResolve
FNDA:10,serializeForAgent
FNDA:11,promiseErrorMiddleware
FNDA:10,(anonymous_3)
FNDA:11,(anonymous_4)
FNDA:0,(anonymous_5)
FNDA:0,(anonymous_6)
FNDA:0,(anonymous_7)
FNDA:0,(anonymous_8)
FNDA:0,(anonymous_9)
FNDA:0,(anonymous_10)
FNDA:8,(anonymous_11)
FNDA:0,(anonymous_12)
FNDA:0,(anonymous_13)
FNDA:0,detectAndFixPromiseString
FNDA:1,setupGlobalPromiseErrorHandling
FNDA:0,(anonymous_16)
FNDA:0,(anonymous_17)
FNDA:0,(anonymous_18)
DA:20,10
DA:21,10
DA:22,0
DA:24,10
DA:26,0
DA:27,0
DA:37,10
DA:40,10
DA:41,0
DA:44,10
DA:45,10
DA:47,10
DA:48,10
DA:50,0
DA:51,0
DA:55,0
DA:63,11
DA:64,11
DA:66,11
DA:67,10
DA:68,10
DA:69,10
DA:71,0
DA:72,0
DA:79,11
DA:80,11
DA:81,11
DA:82,0
DA:83,0
DA:85,11
DA:87,0
DA:88,0
DA:95,11
DA:103,0
DA:107,0
DA:108,0
DA:109,0
DA:111,0
DA:112,0
DA:117,0
DA:118,0
DA:119,0
DA:121,0
DA:122,0
DA:127,0
DA:128,0
DA:129,0
DA:131,0
DA:132,0
DA:137,0
DA:138,0
DA:139,0
DA:141,0
DA:142,0
DA:147,0
DA:148,0
DA:149,0
DA:151,0
DA:152,0
DA:162,8
DA:166,0
DA:167,0
DA:170,0
DA:172,0
DA:179,0
DA:180,0
DA:189,0
DA:190,0
DA:192,0
DA:194,0
DA:200,0
DA:201,0
DA:214,0
DA:215,0
DA:216,0
DA:218,0
DA:225,1
DA:226,0
DA:232,0
DA:235,1
DA:236,0
DA:239,0
DA:242,0
DA:243,0
DA:248,3
LF:85
LH:24
BRDA:21,0,0,0
BRDA:21,0,1,10
BRDA:21,1,0,10
BRDA:21,1,1,10
BRDA:40,2,0,0
BRDA:40,2,1,10
BRDA:40,3,0,10
BRDA:40,3,1,10
BRDA:44,4,0,10
BRDA:44,4,1,0
BRDA:51,5,0,0
BRDA:51,5,1,0
BRDA:81,6,0,0
BRDA:81,6,1,11
BRDA:214,7,0,0
BRDA:214,7,1,0
BRDA:214,8,0,0
BRDA:214,8,1,0
BRF:18
BRH:8
end_of_record
